INFO [2025-07-18 21:06:52] $x
INFO [2025-07-18 21:06:52] gene_lists
INFO [2025-07-18 21:06:52] 
INFO [2025-07-18 21:06:52] $filename
INFO [2025-07-18 21:06:52] NULL
INFO [2025-07-18 21:06:52] 
INFO [2025-07-18 21:06:52] $fill
INFO [2025-07-18 21:06:52] cols
INFO [2025-07-18 21:06:52] 
INFO [2025-07-18 21:06:52] $alpha
INFO [2025-07-18 21:06:52] [1] 0.5
INFO [2025-07-18 21:06:52] 
INFO [2025-07-18 21:06:52] $cat.col
INFO [2025-07-18 21:06:52] rep("black", 6)
INFO [2025-07-18 21:06:52] 
INFO [2025-07-18 21:06:52] $category
INFO [2025-07-18 21:06:52] names(gene_lists)
INFO [2025-07-18 21:06:52] 
INFO [2025-07-18 21:06:52] $margin
INFO [2025-07-18 21:06:52] [1] 0.05
INFO [2025-07-18 21:06:52] 
INFO [2025-07-18 21:06:52] $cex
INFO [2025-07-18 21:06:52] [1] 1.2
INFO [2025-07-18 21:06:52] 
INFO [2025-07-18 21:06:52] $fontfamily
INFO [2025-07-18 21:06:52] [1] "sans"
INFO [2025-07-18 21:06:52] 
INFO [2025-07-18 21:06:52] $cat.cex
INFO [2025-07-18 21:06:52] [1] 1
INFO [2025-07-18 21:06:52] 
ERROR [2025-07-18 21:06:52] Incorrect number of elements.
