INFO [2025-07-18 21:04:21] $x
INFO [2025-07-18 21:04:21] gene_lists
INFO [2025-07-18 21:04:21] 
INFO [2025-07-18 21:04:21] $filename
INFO [2025-07-18 21:04:21] NULL
INFO [2025-07-18 21:04:21] 
INFO [2025-07-18 21:04:21] $category.names
INFO [2025-07-18 21:04:21] names(gene_lists)
INFO [2025-07-18 21:04:21] 
INFO [2025-07-18 21:04:21] $fill
INFO [2025-07-18 21:04:21] rainbow(6)
INFO [2025-07-18 21:04:21] 
INFO [2025-07-18 21:04:21] $alpha
INFO [2025-07-18 21:04:21] [1] 0.5
INFO [2025-07-18 21:04:21] 
INFO [2025-07-18 21:04:21] $cex
INFO [2025-07-18 21:04:21] [1] 1.5
INFO [2025-07-18 21:04:21] 
INFO [2025-07-18 21:04:21] $cat.cex
INFO [2025-07-18 21:04:21] [1] 1.2
INFO [2025-07-18 21:04:21] 
INFO [2025-07-18 21:04:21] $margin
INFO [2025-07-18 21:04:21] [1] 0.1
INFO [2025-07-18 21:04:21] 
ERROR [2025-07-18 21:04:21] Incorrect number of elements.
